[0.903s] Invoking command in '/home/parveez/ros2_ws/src/square_turtle': PYTHONPATH=/home/parveez/ros2_ws/build/square_turtle/prefix_override:/usr/lib/python3/dist-packages/colcon_core/task/python/colcon_distutils_commands:/home/parveez/ros2_ws/install/square_turtle/lib/python3.10/site-packages:${PYTHONPATH} /usr/bin/python3 -W ignore:setup.py install is deprecated setup.py egg_info --egg-base ../../build/square_turtle build --build-base /home/parveez/ros2_ws/build/square_turtle/build install --record /home/parveez/ros2_ws/build/square_turtle/install.log --single-version-externally-managed install_data
[1.156s] running egg_info
[1.157s] writing ../../build/square_turtle/square_turtle.egg-info/PKG-INFO
[1.157s] writing dependency_links to ../../build/square_turtle/square_turtle.egg-info/dependency_links.txt
[1.157s] writing entry points to ../../build/square_turtle/square_turtle.egg-info/entry_points.txt
[1.157s] writing requirements to ../../build/square_turtle/square_turtle.egg-info/requires.txt
[1.158s] writing top-level names to ../../build/square_turtle/square_turtle.egg-info/top_level.txt
[1.159s] reading manifest file '../../build/square_turtle/square_turtle.egg-info/SOURCES.txt'
[1.160s] writing manifest file '../../build/square_turtle/square_turtle.egg-info/SOURCES.txt'
[1.160s] running build
[1.160s] running build_py
[1.161s] running install
[1.161s] running install_lib
[1.162s] running install_data
[1.163s] running install_egg_info
[1.164s] removing '/home/parveez/ros2_ws/install/square_turtle/lib/python3.10/site-packages/square_turtle-0.0.0-py3.10.egg-info' (and everything under it)
[1.165s] Copying ../../build/square_turtle/square_turtle.egg-info to /home/parveez/ros2_ws/install/square_turtle/lib/python3.10/site-packages/square_turtle-0.0.0-py3.10.egg-info
[1.166s] running install_scripts
[1.189s] Installing move_square script to /home/parveez/ros2_ws/install/square_turtle/lib/square_turtle
[1.189s] writing list of installed files to '/home/parveez/ros2_ws/build/square_turtle/install.log'
[1.220s] Invoked command in '/home/parveez/ros2_ws/src/square_turtle' returned '0': PYTHONPATH=/home/parveez/ros2_ws/build/square_turtle/prefix_override:/usr/lib/python3/dist-packages/colcon_core/task/python/colcon_distutils_commands:/home/parveez/ros2_ws/install/square_turtle/lib/python3.10/site-packages:${PYTHONPATH} /usr/bin/python3 -W ignore:setup.py install is deprecated setup.py egg_info --egg-base ../../build/square_turtle build --build-base /home/parveez/ros2_ws/build/square_turtle/build install --record /home/parveez/ros2_ws/build/square_turtle/install.log --single-version-externally-managed install_data
