[0.671s] Invoking command in '/home/parveez/ros2_ws/src/square_turtle': PYTHONPATH=/home/parveez/ros2_ws/build/square_turtle/prefix_override:/usr/lib/python3/dist-packages/colcon_core/task/python/colcon_distutils_commands:/home/parveez/ros2_ws/install/square_turtle/lib/python3.10/site-packages:${PYTHONPATH} /usr/bin/python3 -W ignore:setup.py install is deprecated setup.py egg_info --egg-base ../../build/square_turtle build --build-base /home/parveez/ros2_ws/build/square_turtle/build install --record /home/parveez/ros2_ws/build/square_turtle/install.log --single-version-externally-managed install_data
[0.908s] running egg_info
[0.909s] creating ../../build/square_turtle/square_turtle.egg-info
[0.909s] writing ../../build/square_turtle/square_turtle.egg-info/PKG-INFO
[0.910s] writing dependency_links to ../../build/square_turtle/square_turtle.egg-info/dependency_links.txt
[0.910s] writing entry points to ../../build/square_turtle/square_turtle.egg-info/entry_points.txt
[0.910s] writing requirements to ../../build/square_turtle/square_turtle.egg-info/requires.txt
[0.910s] writing top-level names to ../../build/square_turtle/square_turtle.egg-info/top_level.txt
[0.910s] writing manifest file '../../build/square_turtle/square_turtle.egg-info/SOURCES.txt'
[0.911s] reading manifest file '../../build/square_turtle/square_turtle.egg-info/SOURCES.txt'
[0.912s] writing manifest file '../../build/square_turtle/square_turtle.egg-info/SOURCES.txt'
[0.912s] running build
[0.913s] running build_py
[0.913s] creating /home/parveez/ros2_ws/build/square_turtle/build
[0.913s] creating /home/parveez/ros2_ws/build/square_turtle/build/lib
[0.913s] creating /home/parveez/ros2_ws/build/square_turtle/build/lib/square_turtle
[0.913s] copying square_turtle/move_square.py -> /home/parveez/ros2_ws/build/square_turtle/build/lib/square_turtle
[0.913s] copying square_turtle/__init__.py -> /home/parveez/ros2_ws/build/square_turtle/build/lib/square_turtle
[0.913s] running install
[0.913s] running install_lib
[0.914s] creating /home/parveez/ros2_ws/install/square_turtle/lib/python3.10/site-packages/square_turtle
[0.914s] copying /home/parveez/ros2_ws/build/square_turtle/build/lib/square_turtle/move_square.py -> /home/parveez/ros2_ws/install/square_turtle/lib/python3.10/site-packages/square_turtle
[0.914s] copying /home/parveez/ros2_ws/build/square_turtle/build/lib/square_turtle/__init__.py -> /home/parveez/ros2_ws/install/square_turtle/lib/python3.10/site-packages/square_turtle
[0.915s] byte-compiling /home/parveez/ros2_ws/install/square_turtle/lib/python3.10/site-packages/square_turtle/move_square.py to move_square.cpython-310.pyc
[0.915s] byte-compiling /home/parveez/ros2_ws/install/square_turtle/lib/python3.10/site-packages/square_turtle/__init__.py to __init__.cpython-310.pyc
[0.915s] running install_data
[0.915s] creating /home/parveez/ros2_ws/install/square_turtle/share/ament_index
[0.916s] creating /home/parveez/ros2_ws/install/square_turtle/share/ament_index/resource_index
[0.916s] creating /home/parveez/ros2_ws/install/square_turtle/share/ament_index/resource_index/packages
[0.916s] copying resource/square_turtle -> /home/parveez/ros2_ws/install/square_turtle/share/ament_index/resource_index/packages
[0.916s] copying package.xml -> /home/parveez/ros2_ws/install/square_turtle/share/square_turtle
[0.916s] running install_egg_info
[0.917s] Copying ../../build/square_turtle/square_turtle.egg-info to /home/parveez/ros2_ws/install/square_turtle/lib/python3.10/site-packages/square_turtle-0.0.0-py3.10.egg-info
[0.918s] running install_scripts
[0.939s] Installing move_square script to /home/parveez/ros2_ws/install/square_turtle/lib/square_turtle
[0.940s] writing list of installed files to '/home/parveez/ros2_ws/build/square_turtle/install.log'
[0.962s] Invoked command in '/home/parveez/ros2_ws/src/square_turtle' returned '0': PYTHONPATH=/home/parveez/ros2_ws/build/square_turtle/prefix_override:/usr/lib/python3/dist-packages/colcon_core/task/python/colcon_distutils_commands:/home/parveez/ros2_ws/install/square_turtle/lib/python3.10/site-packages:${PYTHONPATH} /usr/bin/python3 -W ignore:setup.py install is deprecated setup.py egg_info --egg-base ../../build/square_turtle build --build-base /home/parveez/ros2_ws/build/square_turtle/build install --record /home/parveez/ros2_ws/build/square_turtle/install.log --single-version-externally-managed install_data
