[0.949s] Invoking command in '/home/parveez/ros2_ws/src/turtle_shapes': PYTHONPATH=/home/parveez/ros2_ws/build/turtle_shapes/prefix_override:/usr/lib/python3/dist-packages/colcon_core/task/python/colcon_distutils_commands:/home/parveez/ros2_ws/install/turtle_shapes/lib/python3.10/site-packages:${PYTHONPATH} /usr/bin/python3 -W ignore:setup.py install is deprecated setup.py egg_info --egg-base ../../build/turtle_shapes build --build-base /home/parveez/ros2_ws/build/turtle_shapes/build install --record /home/parveez/ros2_ws/build/turtle_shapes/install.log --single-version-externally-managed install_data
[1.198s] running egg_info
[1.199s] writing ../../build/turtle_shapes/turtle_shapes.egg-info/PKG-INFO
[1.199s] writing dependency_links to ../../build/turtle_shapes/turtle_shapes.egg-info/dependency_links.txt
[1.199s] writing entry points to ../../build/turtle_shapes/turtle_shapes.egg-info/entry_points.txt
[1.199s] writing requirements to ../../build/turtle_shapes/turtle_shapes.egg-info/requires.txt
[1.199s] writing top-level names to ../../build/turtle_shapes/turtle_shapes.egg-info/top_level.txt
[1.202s] reading manifest file '../../build/turtle_shapes/turtle_shapes.egg-info/SOURCES.txt'
[1.203s] writing manifest file '../../build/turtle_shapes/turtle_shapes.egg-info/SOURCES.txt'
[1.204s] running build
[1.204s] running build_py
[1.204s] copying turtle_shapes/turtle_movement.py -> /home/parveez/ros2_ws/build/turtle_shapes/build/lib/turtle_shapes
[1.204s] running install
[1.205s] running install_lib
[1.205s] copying /home/parveez/ros2_ws/build/turtle_shapes/build/lib/turtle_shapes/turtle_movement.py -> /home/parveez/ros2_ws/install/turtle_shapes/lib/python3.10/site-packages/turtle_shapes
[1.206s] byte-compiling /home/parveez/ros2_ws/install/turtle_shapes/lib/python3.10/site-packages/turtle_shapes/turtle_movement.py to turtle_movement.cpython-310.pyc
[1.207s] running install_data
[1.207s] running install_egg_info
[1.209s] removing '/home/parveez/ros2_ws/install/turtle_shapes/lib/python3.10/site-packages/turtle_shapes-0.0.0-py3.10.egg-info' (and everything under it)
[1.209s] Copying ../../build/turtle_shapes/turtle_shapes.egg-info to /home/parveez/ros2_ws/install/turtle_shapes/lib/python3.10/site-packages/turtle_shapes-0.0.0-py3.10.egg-info
[1.210s] running install_scripts
[1.234s] Installing turtle_movement script to /home/parveez/ros2_ws/install/turtle_shapes/lib/turtle_shapes
[1.234s] writing list of installed files to '/home/parveez/ros2_ws/build/turtle_shapes/install.log'
[1.275s] Invoked command in '/home/parveez/ros2_ws/src/turtle_shapes' returned '0': PYTHONPATH=/home/parveez/ros2_ws/build/turtle_shapes/prefix_override:/usr/lib/python3/dist-packages/colcon_core/task/python/colcon_distutils_commands:/home/parveez/ros2_ws/install/turtle_shapes/lib/python3.10/site-packages:${PYTHONPATH} /usr/bin/python3 -W ignore:setup.py install is deprecated setup.py egg_info --egg-base ../../build/turtle_shapes build --build-base /home/parveez/ros2_ws/build/turtle_shapes/build install --record /home/parveez/ros2_ws/build/turtle_shapes/install.log --single-version-externally-managed install_data
