[0.881s] Invoking command in '/home/parveez/ros2_ws/src/turtle_shapes': PYTHONPATH=/home/parveez/ros2_ws/build/turtle_shapes/prefix_override:/usr/lib/python3/dist-packages/colcon_core/task/python/colcon_distutils_commands:/home/parveez/ros2_ws/install/turtle_shapes/lib/python3.10/site-packages:${PYTHONPATH} /usr/bin/python3 -W ignore:setup.py install is deprecated setup.py egg_info --egg-base ../../build/turtle_shapes build --build-base /home/parveez/ros2_ws/build/turtle_shapes/build install --record /home/parveez/ros2_ws/build/turtle_shapes/install.log --single-version-externally-managed install_data
[1.132s] running egg_info
[1.133s] creating ../../build/turtle_shapes/turtle_shapes.egg-info
[1.133s] writing ../../build/turtle_shapes/turtle_shapes.egg-info/PKG-INFO
[1.134s] writing dependency_links to ../../build/turtle_shapes/turtle_shapes.egg-info/dependency_links.txt
[1.134s] writing entry points to ../../build/turtle_shapes/turtle_shapes.egg-info/entry_points.txt
[1.134s] writing requirements to ../../build/turtle_shapes/turtle_shapes.egg-info/requires.txt
[1.134s] writing top-level names to ../../build/turtle_shapes/turtle_shapes.egg-info/top_level.txt
[1.134s] writing manifest file '../../build/turtle_shapes/turtle_shapes.egg-info/SOURCES.txt'
[1.136s] reading manifest file '../../build/turtle_shapes/turtle_shapes.egg-info/SOURCES.txt'
[1.137s] writing manifest file '../../build/turtle_shapes/turtle_shapes.egg-info/SOURCES.txt'
[1.137s] running build
[1.137s] running build_py
[1.137s] creating /home/parveez/ros2_ws/build/turtle_shapes/build
[1.138s] creating /home/parveez/ros2_ws/build/turtle_shapes/build/lib
[1.138s] creating /home/parveez/ros2_ws/build/turtle_shapes/build/lib/turtle_shapes
[1.138s] copying turtle_shapes/turtle_movement.py -> /home/parveez/ros2_ws/build/turtle_shapes/build/lib/turtle_shapes
[1.138s] copying turtle_shapes/__init__.py -> /home/parveez/ros2_ws/build/turtle_shapes/build/lib/turtle_shapes
[1.138s] running install
[1.139s] running install_lib
[1.140s] creating /home/parveez/ros2_ws/install/turtle_shapes/lib/python3.10/site-packages/turtle_shapes
[1.140s] copying /home/parveez/ros2_ws/build/turtle_shapes/build/lib/turtle_shapes/turtle_movement.py -> /home/parveez/ros2_ws/install/turtle_shapes/lib/python3.10/site-packages/turtle_shapes
[1.140s] copying /home/parveez/ros2_ws/build/turtle_shapes/build/lib/turtle_shapes/__init__.py -> /home/parveez/ros2_ws/install/turtle_shapes/lib/python3.10/site-packages/turtle_shapes
[1.141s] byte-compiling /home/parveez/ros2_ws/install/turtle_shapes/lib/python3.10/site-packages/turtle_shapes/turtle_movement.py to turtle_movement.cpython-310.pyc
[1.142s] byte-compiling /home/parveez/ros2_ws/install/turtle_shapes/lib/python3.10/site-packages/turtle_shapes/__init__.py to __init__.cpython-310.pyc
[1.142s] running install_data
[1.142s] creating /home/parveez/ros2_ws/install/turtle_shapes/share/ament_index
[1.142s] creating /home/parveez/ros2_ws/install/turtle_shapes/share/ament_index/resource_index
[1.142s] creating /home/parveez/ros2_ws/install/turtle_shapes/share/ament_index/resource_index/packages
[1.142s] copying resource/turtle_shapes -> /home/parveez/ros2_ws/install/turtle_shapes/share/ament_index/resource_index/packages
[1.142s] copying package.xml -> /home/parveez/ros2_ws/install/turtle_shapes/share/turtle_shapes
[1.143s] running install_egg_info
[1.145s] Copying ../../build/turtle_shapes/turtle_shapes.egg-info to /home/parveez/ros2_ws/install/turtle_shapes/lib/python3.10/site-packages/turtle_shapes-0.0.0-py3.10.egg-info
[1.146s] running install_scripts
[1.169s] Installing turtle_movement script to /home/parveez/ros2_ws/install/turtle_shapes/lib/turtle_shapes
[1.170s] writing list of installed files to '/home/parveez/ros2_ws/build/turtle_shapes/install.log'
[1.208s] Invoked command in '/home/parveez/ros2_ws/src/turtle_shapes' returned '0': PYTHONPATH=/home/parveez/ros2_ws/build/turtle_shapes/prefix_override:/usr/lib/python3/dist-packages/colcon_core/task/python/colcon_distutils_commands:/home/parveez/ros2_ws/install/turtle_shapes/lib/python3.10/site-packages:${PYTHONPATH} /usr/bin/python3 -W ignore:setup.py install is deprecated setup.py egg_info --egg-base ../../build/turtle_shapes build --build-base /home/parveez/ros2_ws/build/turtle_shapes/build install --record /home/parveez/ros2_ws/build/turtle_shapes/install.log --single-version-externally-managed install_data
