running egg_info
writing ../../build/turtle_shapes/turtle_shapes.egg-info/PKG-INFO
writing dependency_links to ../../build/turtle_shapes/turtle_shapes.egg-info/dependency_links.txt
writing entry points to ../../build/turtle_shapes/turtle_shapes.egg-info/entry_points.txt
writing requirements to ../../build/turtle_shapes/turtle_shapes.egg-info/requires.txt
writing top-level names to ../../build/turtle_shapes/turtle_shapes.egg-info/top_level.txt
reading manifest file '../../build/turtle_shapes/turtle_shapes.egg-info/SOURCES.txt'
writing manifest file '../../build/turtle_shapes/turtle_shapes.egg-info/SOURCES.txt'
running build
running build_py
copying turtle_shapes/turtle_movement.py -> /home/parveez/ros2_ws/build/turtle_shapes/build/lib/turtle_shapes
running install
running install_lib
copying /home/parveez/ros2_ws/build/turtle_shapes/build/lib/turtle_shapes/turtle_movement.py -> /home/parveez/ros2_ws/install/turtle_shapes/lib/python3.10/site-packages/turtle_shapes
byte-compiling /home/parveez/ros2_ws/install/turtle_shapes/lib/python3.10/site-packages/turtle_shapes/turtle_movement.py to turtle_movement.cpython-310.pyc
running install_data
running install_egg_info
Sorry: IndentationError: expected an indented block after function definition on line 65 (turtle_movement.py, line 66)
removing '/home/parveez/ros2_ws/install/turtle_shapes/lib/python3.10/site-packages/turtle_shapes-0.0.0-py3.10.egg-info' (and everything under it)
Copying ../../build/turtle_shapes/turtle_shapes.egg-info to /home/parveez/ros2_ws/install/turtle_shapes/lib/python3.10/site-packages/turtle_shapes-0.0.0-py3.10.egg-info
running install_scripts
Installing turtle_movement script to /home/parveez/ros2_ws/install/turtle_shapes/lib/turtle_shapes
writing list of installed files to '/home/parveez/ros2_ws/build/turtle_shapes/install.log'
