[0.901s] Invoking command in '/home/parveez/ros2_ws/src/turtle_shapes': PYTHONPATH=/home/parveez/ros2_ws/build/turtle_shapes/prefix_override:/usr/lib/python3/dist-packages/colcon_core/task/python/colcon_distutils_commands:/home/parveez/ros2_ws/install/turtle_shapes/lib/python3.10/site-packages:${PYTHONPATH} /usr/bin/python3 -W ignore:setup.py install is deprecated setup.py egg_info --egg-base ../../build/turtle_shapes build --build-base /home/parveez/ros2_ws/build/turtle_shapes/build install --record /home/parveez/ros2_ws/build/turtle_shapes/install.log --single-version-externally-managed install_data
[1.160s] running egg_info
[1.161s] writing ../../build/turtle_shapes/turtle_shapes.egg-info/PKG-INFO
[1.161s] writing dependency_links to ../../build/turtle_shapes/turtle_shapes.egg-info/dependency_links.txt
[1.162s] writing entry points to ../../build/turtle_shapes/turtle_shapes.egg-info/entry_points.txt
[1.162s] writing requirements to ../../build/turtle_shapes/turtle_shapes.egg-info/requires.txt
[1.162s] writing top-level names to ../../build/turtle_shapes/turtle_shapes.egg-info/top_level.txt
[1.164s] reading manifest file '../../build/turtle_shapes/turtle_shapes.egg-info/SOURCES.txt'
[1.165s] writing manifest file '../../build/turtle_shapes/turtle_shapes.egg-info/SOURCES.txt'
[1.165s] running build
[1.165s] running build_py
[1.165s] running install
[1.166s] running install_lib
[1.167s] running install_data
[1.167s] running install_egg_info
[1.169s] removing '/home/parveez/ros2_ws/install/turtle_shapes/lib/python3.10/site-packages/turtle_shapes-0.0.0-py3.10.egg-info' (and everything under it)
[1.169s] Copying ../../build/turtle_shapes/turtle_shapes.egg-info to /home/parveez/ros2_ws/install/turtle_shapes/lib/python3.10/site-packages/turtle_shapes-0.0.0-py3.10.egg-info
[1.170s] running install_scripts
[1.193s] Installing turtle_movement script to /home/parveez/ros2_ws/install/turtle_shapes/lib/turtle_shapes
[1.194s] writing list of installed files to '/home/parveez/ros2_ws/build/turtle_shapes/install.log'
[1.224s] Invoked command in '/home/parveez/ros2_ws/src/turtle_shapes' returned '0': PYTHONPATH=/home/parveez/ros2_ws/build/turtle_shapes/prefix_override:/usr/lib/python3/dist-packages/colcon_core/task/python/colcon_distutils_commands:/home/parveez/ros2_ws/install/turtle_shapes/lib/python3.10/site-packages:${PYTHONPATH} /usr/bin/python3 -W ignore:setup.py install is deprecated setup.py egg_info --egg-base ../../build/turtle_shapes build --build-base /home/parveez/ros2_ws/build/turtle_shapes/build install --record /home/parveez/ros2_ws/build/turtle_shapes/install.log --single-version-externally-managed install_data
